<?xml version="1.0" encoding="UTF-8" ?>
<testsuite tests="41" failures="0" name="cucumberOptions.TestRunner" time="5.572" errors="0" skipped="0">
  <properties>
    <property name="java.runtime.name" value="Java(TM) SE Runtime Environment"/>
    <property name="sun.boot.library.path" value="C:\Program Files\Java\jdk1.8.0_162\jre\bin"/>
    <property name="java.vm.version" value="25.162-b12"/>
    <property name="java.vm.vendor" value="Oracle Corporation"/>
    <property name="maven.multiModuleProjectDirectory" value="D:\SeleniumWorkspace\BDDSelenium_Rahul"/>
    <property name="java.vendor.url" value="http://java.oracle.com/"/>
    <property name="path.separator" value=";"/>
    <property name="guice.disable.misplaced.annotation.check" value="true"/>
    <property name="java.vm.name" value="Java HotSpot(TM) 64-Bit Server VM"/>
    <property name="file.encoding.pkg" value="sun.io"/>
    <property name="user.script" value=""/>
    <property name="user.country" value="US"/>
    <property name="sun.java.launcher" value="SUN_STANDARD"/>
    <property name="sun.os.patch.level" value=""/>
    <property name="java.vm.specification.name" value="Java Virtual Machine Specification"/>
    <property name="user.dir" value="D:\SeleniumWorkspace\BDDSelenium_Rahul"/>
    <property name="java.runtime.version" value="1.8.0_162-b12"/>
    <property name="java.awt.graphicsenv" value="sun.awt.Win32GraphicsEnvironment"/>
    <property name="java.endorsed.dirs" value="C:\Program Files\Java\jdk1.8.0_162\jre\lib\endorsed"/>
    <property name="os.arch" value="amd64"/>
    <property name="java.io.tmpdir" value="C:\Users\ADMIN\AppData\Local\Temp\"/>
    <property name="line.separator" value="
"/>
    <property name="java.vm.specification.vendor" value="Oracle Corporation"/>
    <property name="user.variant" value=""/>
    <property name="os.name" value="Windows 8.1"/>
    <property name="classworlds.conf" value="D:\SeleniumWorkspace\.metadata\.plugins\org.eclipse.m2e.launching\launches\m2conf7150397326812738536.tmp"/>
    <property name="sun.jnu.encoding" value="Cp1252"/>
    <property name="java.library.path" value="C:\Program Files\Java\jdk1.8.0_162\bin;C:\windows\Sun\Java\bin;C:\windows\system32;C:\windows;C:/Program Files/Java/jre1.8.0_162/bin/server;C:/Program Files/Java/jre1.8.0_162/bin;C:/Program Files/Java/jre1.8.0_162/lib/amd64;C:\ProgramData\Oracle\Java\javapath;C:\Program Files (x86)\Lenovo\FusionEngine;C:\Program Files (x86)\Intel\iCLS Client\;C:\Program Files\Intel\iCLS Client\;C:\windows\system32;C:\windows;C:\windows\System32\Wbem;C:\windows\System32\WindowsPowerShell\v1.0\;C:\Program Files\Intel\Intel(R) Management Engine Components\DAL;C:\Program Files (x86)\Intel\Intel(R) Management Engine Components\DAL;C:\Program Files\Intel\Intel(R) Management Engine Components\IPT;C:\Program Files (x86)\Intel\Intel(R) Management Engine Components\IPT;C:\Program Files\Intel\WiFi\bin\;C:\Program Files\Common Files\Intel\WirelessCommon\;C:\Program Files (x86)\nodejs;C:\Program Files\Java\jdk1.8.0_162\bin;C:\Program Files\Git\cmd;C:\Program Files (x86)\apache-maven-3.6.3\bin;C:\Program Files (x86)\apache-maven-3.6.3\;C:\Program Files (x86)\apache-maven-3.6.3\\bin;C:\Users\ADMIN\AppData\Roaming\npm;C:\Program Files\Android\Android Studio\bin;C:\Users\ADMIN\AppData\Local\Android\Sdk\platform-tools;C:\Users\ADMIN\AppData\Local\Android\Sdk\tools;C:\Users\ADMIN\AppData\Local\Android\Sdk\build-tools;C:\Users\ADMIN\AppData\Local\Android\Sdk\build-tools\bin;C:\Users\ADMIN\AppData\Local\Android\Sdk\tools\bin;;C:\Users\ADMIN\Desktop;;."/>
    <property name="java.specification.name" value="Java Platform API Specification"/>
    <property name="java.class.version" value="52.0"/>
    <property name="sun.management.compiler" value="HotSpot 64-Bit Tiered Compilers"/>
    <property name="os.version" value="6.3"/>
    <property name="user.home" value="C:\Users\ADMIN"/>
    <property name="user.timezone" value="Asia/Calcutta"/>
    <property name="java.awt.printerjob" value="sun.awt.windows.WPrinterJob"/>
    <property name="java.specification.version" value="1.8"/>
    <property name="file.encoding" value="Cp1252"/>
    <property name="user.name" value="ADMIN"/>
    <property name="java.class.path" value="C:\Users\ADMIN\.p2\pool\plugins\org.eclipse.m2e.maven.runtime_1.8.2.20171007-0216\jars\plexus-classworlds-2.5.2.jar"/>
    <property name="java.vm.specification.version" value="1.8"/>
    <property name="sun.arch.data.model" value="64"/>
    <property name="java.home" value="C:\Program Files\Java\jdk1.8.0_162\jre"/>
    <property name="sun.java.command" value="org.codehaus.plexus.classworlds.launcher.Launcher -B test"/>
    <property name="java.specification.vendor" value="Oracle Corporation"/>
    <property name="user.language" value="en"/>
    <property name="awt.toolkit" value="sun.awt.windows.WToolkit"/>
    <property name="java.vm.info" value="mixed mode"/>
    <property name="java.version" value="1.8.0_162"/>
    <property name="java.ext.dirs" value="C:\Program Files\Java\jdk1.8.0_162\jre\lib\ext;C:\windows\Sun\Java\lib\ext"/>
    <property name="sun.boot.class.path" value="C:\Program Files\Java\jdk1.8.0_162\jre\lib\resources.jar;C:\Program Files\Java\jdk1.8.0_162\jre\lib\rt.jar;C:\Program Files\Java\jdk1.8.0_162\jre\lib\sunrsasign.jar;C:\Program Files\Java\jdk1.8.0_162\jre\lib\jsse.jar;C:\Program Files\Java\jdk1.8.0_162\jre\lib\jce.jar;C:\Program Files\Java\jdk1.8.0_162\jre\lib\charsets.jar;C:\Program Files\Java\jdk1.8.0_162\jre\lib\jfr.jar;C:\Program Files\Java\jdk1.8.0_162\jre\classes"/>
    <property name="java.vendor" value="Oracle Corporation"/>
    <property name="maven.home" value="D:\SeleniumWorkspace\BDDSelenium_Rahul\EMBEDDED"/>
    <property name="file.separator" value="\"/>
    <property name="java.vendor.url.bug" value="http://bugreport.sun.com/bugreport/"/>
    <property name="sun.cpu.endian" value="little"/>
    <property name="sun.io.unicode.encoding" value="UnicodeLittle"/>
    <property name="sun.desktop" value="windows"/>
    <property name="sun.cpu.isalist" value="amd64"/>
  </properties>
  <testcase classname="Scenario: Home page default login" name="Given User is on NetBanking landing page" time="0.003"/>
  <testcase classname="Scenario: Home page default login" name="When User login into application with &quot;jin&quot; and password &quot;1234&quot;" time="0.002"/>
  <testcase classname="Scenario: Home page default login" name="Then Home page is populated" time="0"/>
  <testcase classname="Scenario: Home page default login" name="And Cards displayed are &quot;true&quot;" time="0"/>
  <testcase classname="Scenario: Home page default login" name="Scenario: Home page default login" time="0.003"/>
  <testcase classname="| user1 | pass1 |" name="Given User is on NetBanking landing page" time="0"/>
  <testcase classname="| user1 | pass1 |" name="When User login in to application with user1 and password pass1" time="0"/>
  <testcase classname="| user1 | pass1 |" name="Then Home page is populated" time="0"/>
  <testcase classname="| user1 | pass1 |" name="And Cards displayed are &quot;true&quot;" time="0"/>
  <testcase classname="| user1 | pass1 |" name="| user1 | pass1 |" time="0.001"/>
  <testcase classname="| user2 | pass2 |" name="Given User is on NetBanking landing page" time="0"/>
  <testcase classname="| user2 | pass2 |" name="When User login in to application with user2 and password pass2" time="0"/>
  <testcase classname="| user2 | pass2 |" name="Then Home page is populated" time="0"/>
  <testcase classname="| user2 | pass2 |" name="And Cards displayed are &quot;true&quot;" time="0"/>
  <testcase classname="| user2 | pass2 |" name="| user2 | pass2 |" time="0.001"/>
  <testcase classname="| user3 | pass3 |" name="Given User is on NetBanking landing page" time="0"/>
  <testcase classname="| user3 | pass3 |" name="When User login in to application with user3 and password pass3" time="0"/>
  <testcase classname="| user3 | pass3 |" name="Then Home page is populated" time="0"/>
  <testcase classname="| user3 | pass3 |" name="And Cards displayed are &quot;true&quot;" time="0"/>
  <testcase classname="| user3 | pass3 |" name="| user3 | pass3 |" time="0.003"/>
  <testcase classname="| user4 | pass4 |" name="Given User is on NetBanking landing page" time="0"/>
  <testcase classname="| user4 | pass4 |" name="When User login in to application with user4 and password pass4" time="0"/>
  <testcase classname="| user4 | pass4 |" name="Then Home page is populated" time="0"/>
  <testcase classname="| user4 | pass4 |" name="And Cards displayed are &quot;true&quot;" time="0"/>
  <testcase classname="| user4 | pass4 |" name="| user4 | pass4 |" time="0.003"/>
  <testcase classname="Scenario: Search for items and validate results" name="Given User is on Greencart Landing page" time="0"/>
  <testcase classname="Scenario: Search for items and validate results" name="When User searched for Cucumber Vegetable" time="0.001"/>
  <testcase classname="Scenario: Search for items and validate results" name="Then &quot;Cucumber&quot; results are displayed" time="0"/>
  <testcase classname="Scenario: Search for items and validate results" name="Scenario: Search for items and validate results" time="4.461"/>
  <testcase classname="| Brinjal |" name="Given User is on Greencart Landing page" time="0"/>
  <testcase classname="| Brinjal |" name="When User searched for Brinjal Vegetable" time="0"/>
  <testcase classname="| Brinjal |" name="And Added items to cart" time="0"/>
  <testcase classname="| Brinjal |" name="And User proceeded to Checkout page for purchase" time="0"/>
  <testcase classname="| Brinjal |" name="Then verify selected Brinjal items are displayed in Check out page" time="0"/>
  <testcase classname="| Brinjal |" name="| Brinjal |" time="0.483"/>
  <testcase classname="| Beetroot |" name="Given User is on Greencart Landing page" time="0"/>
  <testcase classname="| Beetroot |" name="When User searched for Beetroot Vegetable" time="0"/>
  <testcase classname="| Beetroot |" name="And Added items to cart" time="0"/>
  <testcase classname="| Beetroot |" name="And User proceeded to Checkout page for purchase" time="0"/>
  <testcase classname="| Beetroot |" name="Then verify selected Beetroot items are displayed in Check out page" time="0"/>
  <testcase classname="| Beetroot |" name="| Beetroot |" time="0.611"/>
</testsuite>